<?xml version="1.0" encoding="UTF-8"?>
<testsuite name="org.example.WebFrontGeneratorTest" tests="5" skipped="0" failures="0" errors="0" timestamp="2023-09-30T12:28:27" hostname="USER" time="0.095">
  <properties/>
  <testcase name="testConcatenateStrings()" classname="org.example.WebFrontGeneratorTest" time="0.078"/>
  <testcase name="testAdd()" classname="org.example.WebFrontGeneratorTest" time="0.002"/>
  <testcase name="testSubtract()" classname="org.example.WebFrontGeneratorTest" time="0.001"/>
  <testcase name="testDivide()" classname="org.example.WebFrontGeneratorTest" time="0.002"/>
  <testcase name="testMultiply()" classname="org.example.WebFrontGeneratorTest" time="0.003"/>
  <system-out><![CDATA[]]></system-out>
  <system-err><![CDATA[]]></system-err>
</testsuite>
